<?xml version="1.0" encoding="UTF-8"?>
<testng-results skipped="0" failed="0" ignored="0" total="1" passed="1">
  <reporter-output>
  </reporter-output>
  <suite name="Default suite" duration-ms="10956" started-at="2019-10-15T12:33:42 IST" finished-at="2019-10-15T12:33:53 IST">
    <groups>
    </groups>
    <test name="Default test" duration-ms="10956" started-at="2019-10-15T12:33:42 IST" finished-at="2019-10-15T12:33:53 IST">
      <class name="selenium.Task1">
        <test-method status="PASS" signature="task1()[pri:0, instance:selenium.Task1@644baf4a]" name="task1" duration-ms="10923" started-at="2019-10-15T12:33:42 IST" finished-at="2019-10-15T12:33:53 IST">
          <reporter-output>
          </reporter-output>
        </test-method> <!-- task1 -->
      </class> <!-- selenium.Task1 -->
    </test> <!-- Default test -->
  </suite> <!-- Default suite -->
</testng-results>
